A51 MACRO ASSEMBLER  LEDFOLLOWCODE                                                        07/20/2018 20:33:09 PAGE     1


MACRO ASSEMBLER A51 V8.2.7.0
OBJECT MODULE PLACED IN .\Objects\LedFollowCode.obj
ASSEMBLER INVOKED BY: C:\Keil_v5\C51\BIN\A51.EXE LedFollowCode.asm SET(SMALL) DEBUG PRINT(.\Listings\LedFollowCode.lst) 
                      OBJECT(.\Objects\LedFollowCode.obj) EP

LOC  OBJ            LINE     SOURCE

0000                   1     ORG 0000H
0000 020030            2             LJMP MAIN
0030                   3     ORG 0030H
                       4     
0030 759000            5     MAIN:  MOV P1 , #00H
0033 758901            6                     MOV TMOD,#01H                   ; TIMER 0 MODE 1
0036 758AFD            7                     MOV TL0,#0FDH                   ;LOAD TLO WITTH FDH
0039 758C4B            8                     MOV TH0,#4BH                    ;LOAD THO WITH 4BH
003C 7401              9                     MOV A, #01H                             ;SET CONTENT TO 01H
003E F590             10                     LA: MOV P1,A                    ;PUT IT IN P1
0040 1145             11                     ACALL DELAY_TIMER               ;call   DELAY
0042 23               12                     RL A                                    ;SHIFT CONTENT TO LEFT
0043 80F9             13                     SJMP LA                             ;loop BACK
                      14                     
0045                  15     DELAY_TIMER:                                    ;loop for delay
0045 D28C             16             SETB TR0                                ;set timer clock
0047 308DFD           17                     AGAIN: JNB TF0,AGAIN    ; check for timer-flag
004A C28C             18                     CLR TR0                                 ;clear tr1
004C C28D             19                     CLR TF0                             ;clear timer flag
004E 758C4B           20                     MOV TH0,#4BH                    ;load data to preset
0051 758AFD           21                     MOV TL0,#0FDH
0054 22               22                     RET
                      23     END     
A51 MACRO ASSEMBLER  LEDFOLLOWCODE                                                        07/20/2018 20:33:09 PAGE     2

SYMBOL TABLE LISTING
------ ----- -------


N A M E             T Y P E  V A L U E   ATTRIBUTES

AGAIN. . . . . . .  C ADDR   0047H   A   
DELAY_TIMER. . . .  C ADDR   0045H   A   
LA . . . . . . . .  C ADDR   003EH   A   
MAIN . . . . . . .  C ADDR   0030H   A   
P1 . . . . . . . .  D ADDR   0090H   A   
TF0. . . . . . . .  B ADDR   0088H.5 A   
TH0. . . . . . . .  D ADDR   008CH   A   
TL0. . . . . . . .  D ADDR   008AH   A   
TMOD . . . . . . .  D ADDR   0089H   A   
TR0. . . . . . . .  B ADDR   0088H.4 A   


REGISTER BANK(S) USED: 0 


ASSEMBLY COMPLETE.  0 WARNING(S), 0 ERROR(S)
